<?xml version="1.0" encoding="UTF-8"?>
<coverage generated="1652262326303" clover="3.2.0">
  <project timestamp="1652262326303" name="All files">
    <metrics statements="9" coveredstatements="9" conditionals="6" coveredconditionals="5" methods="3" coveredmethods="3" elements="18" coveredelements="17" complexity="0" loc="9" ncloc="9" packages="1" files="1" classes="1"/>
    <file name="module.js" path="D:\IntellectFox\dev\if-js\module.js">
      <metrics statements="9" coveredstatements="9" conditionals="6" coveredconditionals="5" methods="3" coveredmethods="3"/>
      <line num="4" count="3" type="cond" truecount="4" falsecount="0"/>
      <line num="5" count="1" type="stmt"/>
      <line num="7" count="2" type="stmt"/>
      <line num="10" count="3" type="stmt"/>
      <line num="13" count="1" type="stmt"/>
      <line num="15" count="1" type="stmt"/>
      <line num="16" count="1" type="cond" truecount="1" falsecount="1"/>
      <line num="17" count="1" type="stmt"/>
      <line num="19" count="1" type="stmt"/>
    </file>
  </project>
</coverage>
